2019-09-18 04:50:20,368 INFO org.apache.hadoop.hdfs.server.namenode.NameNode: STARTUP_MSG: 
/************************************************************
STARTUP_MSG: Starting NameNode
STARTUP_MSG:   host = e877c750dfea/172.24.0.2
STARTUP_MSG:   args = []
STARTUP_MSG:   version = 2.7.1
STARTUP_MSG:   classpath = /usr/local/hadoop/etc/hadoop/:/usr/local/hadoop/share/hadoop/common/lib/netty-3.6.2.Final.jar:/usr/local/hadoop/share/hadoop/common/lib/commons-configuration-1.6.jar:/usr/local/hadoop/share/hadoop/common/lib/api-asn1-api-1.0.0-M20.jar:/usr/local/hadoop/share/hadoop/common/lib/httpclient-4.2.5.jar:/usr/local/hadoop/share/hadoop/common/lib/htrace-core-3.1.0-incubating.jar:/usr/local/hadoop/share/hadoop/common/lib/jaxb-impl-2.2.3-1.jar:/usr/local/hadoop/share/hadoop/common/lib/stax-api-1.0-2.jar:/usr/local/hadoop/share/hadoop/common/lib/api-util-1.0.0-M20.jar:/usr/local/hadoop/share/hadoop/common/lib/snappy-java-1.0.4.1.jar:/usr/local/hadoop/share/hadoop/common/lib/commons-cli-1.2.jar:/usr/local/hadoop/share/hadoop/common/lib/commons-math3-3.1.1.jar:/usr/local/hadoop/share/hadoop/common/lib/jsch-0.1.42.jar:/usr/local/hadoop/share/hadoop/common/lib/commons-beanutils-1.7.0.jar:/usr/local/hadoop/share/hadoop/common/lib/hadoop-annotations-2.7.1.jar:/usr/local/hadoop/share/hadoop/common/lib/httpcore-4.2.5.jar:/usr/local/hadoop/share/hadoop/common/lib/mockito-all-1.8.5.jar:/usr/local/hadoop/share/hadoop/common/lib/slf4j-log4j12-1.7.10.jar:/usr/local/hadoop/share/hadoop/common/lib/jersey-core-1.9.jar:/usr/local/hadoop/share/hadoop/common/lib/log4j-1.2.17.jar:/usr/local/hadoop/share/hadoop/common/lib/jetty-6.1.26.jar:/usr/local/hadoop/share/hadoop/common/lib/zookeeper-3.4.6.jar:/usr/local/hadoop/share/hadoop/common/lib/hadoop-auth-2.7.1.jar:/usr/local/hadoop/share/hadoop/common/lib/apacheds-i18n-2.0.0-M15.jar:/usr/local/hadoop/share/hadoop/common/lib/java-xmlbuilder-0.4.jar:/usr/local/hadoop/share/hadoop/common/lib/commons-io-2.4.jar:/usr/local/hadoop/share/hadoop/common/lib/junit-4.11.jar:/usr/local/hadoop/share/hadoop/common/lib/jettison-1.1.jar:/usr/local/hadoop/share/hadoop/common/lib/jets3t-0.9.0.jar:/usr/local/hadoop/share/hadoop/common/lib/jetty-util-6.1.26.jar:/usr/local/hadoop/share/hadoop/common/lib/commons-httpclient-3.1.jar:/usr/local/hadoop/share/hadoop/common/lib/commons-net-3.1.jar:/usr/local/hadoop/share/hadoop/common/lib/jackson-jaxrs-1.9.13.jar:/usr/local/hadoop/share/hadoop/common/lib/asm-3.2.jar:/usr/local/hadoop/share/hadoop/common/lib/hamcrest-core-1.3.jar:/usr/local/hadoop/share/hadoop/common/lib/xmlenc-0.52.jar:/usr/local/hadoop/share/hadoop/common/lib/jackson-xc-1.9.13.jar:/usr/local/hadoop/share/hadoop/common/lib/jsp-api-2.1.jar:/usr/local/hadoop/share/hadoop/common/lib/paranamer-2.3.jar:/usr/local/hadoop/share/hadoop/common/lib/avro-1.7.4.jar:/usr/local/hadoop/share/hadoop/common/lib/curator-recipes-2.7.1.jar:/usr/local/hadoop/share/hadoop/common/lib/jsr305-3.0.0.jar:/usr/local/hadoop/share/hadoop/common/lib/commons-compress-1.4.1.jar:/usr/local/hadoop/share/hadoop/common/lib/activation-1.1.jar:/usr/local/hadoop/share/hadoop/common/lib/servlet-api-2.5.jar:/usr/local/hadoop/share/hadoop/common/lib/jackson-mapper-asl-1.9.13.jar:/usr/local/hadoop/share/hadoop/common/lib/commons-beanutils-core-1.8.0.jar:/usr/local/hadoop/share/hadoop/common/lib/jaxb-api-2.2.2.jar:/usr/local/hadoop/share/hadoop/common/lib/xz-1.0.jar:/usr/local/hadoop/share/hadoop/common/lib/jersey-server-1.9.jar:/usr/local/hadoop/share/hadoop/common/lib/jersey-json-1.9.jar:/usr/local/hadoop/share/hadoop/common/lib/commons-lang-2.6.jar:/usr/local/hadoop/share/hadoop/common/lib/curator-framework-2.7.1.jar:/usr/local/hadoop/share/hadoop/common/lib/gson-2.2.4.jar:/usr/local/hadoop/share/hadoop/common/lib/curator-client-2.7.1.jar:/usr/local/hadoop/share/hadoop/common/lib/commons-collections-3.2.1.jar:/usr/local/hadoop/share/hadoop/common/lib/commons-codec-1.4.jar:/usr/local/hadoop/share/hadoop/common/lib/commons-logging-1.1.3.jar:/usr/local/hadoop/share/hadoop/common/lib/protobuf-java-2.5.0.jar:/usr/local/hadoop/share/hadoop/common/lib/commons-digester-1.8.jar:/usr/local/hadoop/share/hadoop/common/lib/guava-11.0.2.jar:/usr/local/hadoop/share/hadoop/common/lib/jackson-core-asl-1.9.13.jar:/usr/local/hadoop/share/hadoop/common/lib/slf4j-api-1.7.10.jar:/usr/local/hadoop/share/hadoop/common/lib/apacheds-kerberos-codec-2.0.0-M15.jar:/usr/local/hadoop/share/hadoop/common/hadoop-common-2.7.1.jar:/usr/local/hadoop/share/hadoop/common/hadoop-nfs-2.7.1.jar:/usr/local/hadoop/share/hadoop/common/hadoop-common-2.7.1-tests.jar:/usr/local/hadoop/share/hadoop/hdfs:/usr/local/hadoop/share/hadoop/hdfs/lib/netty-3.6.2.Final.jar:/usr/local/hadoop/share/hadoop/hdfs/lib/htrace-core-3.1.0-incubating.jar:/usr/local/hadoop/share/hadoop/hdfs/lib/commons-cli-1.2.jar:/usr/local/hadoop/share/hadoop/hdfs/lib/netty-all-4.0.23.Final.jar:/usr/local/hadoop/share/hadoop/hdfs/lib/jersey-core-1.9.jar:/usr/local/hadoop/share/hadoop/hdfs/lib/log4j-1.2.17.jar:/usr/local/hadoop/share/hadoop/hdfs/lib/jetty-6.1.26.jar:/usr/local/hadoop/share/hadoop/hdfs/lib/commons-io-2.4.jar:/usr/local/hadoop/share/hadoop/hdfs/lib/jetty-util-6.1.26.jar:/usr/local/hadoop/share/hadoop/hdfs/lib/asm-3.2.jar:/usr/local/hadoop/share/hadoop/hdfs/lib/xmlenc-0.52.jar:/usr/local/hadoop/share/hadoop/hdfs/lib/leveldbjni-all-1.8.jar:/usr/local/hadoop/share/hadoop/hdfs/lib/jsr305-3.0.0.jar:/usr/local/hadoop/share/hadoop/hdfs/lib/servlet-api-2.5.jar:/usr/local/hadoop/share/hadoop/hdfs/lib/jackson-mapper-asl-1.9.13.jar:/usr/local/hadoop/share/hadoop/hdfs/lib/jersey-server-1.9.jar:/usr/local/hadoop/share/hadoop/hdfs/lib/xercesImpl-2.9.1.jar:/usr/local/hadoop/share/hadoop/hdfs/lib/commons-lang-2.6.jar:/usr/local/hadoop/share/hadoop/hdfs/lib/xml-apis-1.3.04.jar:/usr/local/hadoop/share/hadoop/hdfs/lib/commons-daemon-1.0.13.jar:/usr/local/hadoop/share/hadoop/hdfs/lib/commons-codec-1.4.jar:/usr/local/hadoop/share/hadoop/hdfs/lib/commons-logging-1.1.3.jar:/usr/local/hadoop/share/hadoop/hdfs/lib/protobuf-java-2.5.0.jar:/usr/local/hadoop/share/hadoop/hdfs/lib/guava-11.0.2.jar:/usr/local/hadoop/share/hadoop/hdfs/lib/jackson-core-asl-1.9.13.jar:/usr/local/hadoop/share/hadoop/hdfs/hadoop-hdfs-nfs-2.7.1.jar:/usr/local/hadoop/share/hadoop/hdfs/hadoop-hdfs-2.7.1.jar:/usr/local/hadoop/share/hadoop/hdfs/hadoop-hdfs-2.7.1-tests.jar:/usr/local/hadoop/share/hadoop/yarn/lib/netty-3.6.2.Final.jar:/usr/local/hadoop/share/hadoop/yarn/lib/jersey-client-1.9.jar:/usr/local/hadoop/share/hadoop/yarn/lib/jaxb-impl-2.2.3-1.jar:/usr/local/hadoop/share/hadoop/yarn/lib/stax-api-1.0-2.jar:/usr/local/hadoop/share/hadoop/yarn/lib/commons-cli-1.2.jar:/usr/local/hadoop/share/hadoop/yarn/lib/guice-servlet-3.0.jar:/usr/local/hadoop/share/hadoop/yarn/lib/aopalliance-1.0.jar:/usr/local/hadoop/share/hadoop/yarn/lib/jersey-core-1.9.jar:/usr/local/hadoop/share/hadoop/yarn/lib/log4j-1.2.17.jar:/usr/local/hadoop/share/hadoop/yarn/lib/jetty-6.1.26.jar:/usr/local/hadoop/share/hadoop/yarn/lib/zookeeper-3.4.6.jar:/usr/local/hadoop/share/hadoop/yarn/lib/commons-io-2.4.jar:/usr/local/hadoop/share/hadoop/yarn/lib/jettison-1.1.jar:/usr/local/hadoop/share/hadoop/yarn/lib/guice-3.0.jar:/usr/local/hadoop/share/hadoop/yarn/lib/jetty-util-6.1.26.jar:/usr/local/hadoop/share/hadoop/yarn/lib/jackson-jaxrs-1.9.13.jar:/usr/local/hadoop/share/hadoop/yarn/lib/asm-3.2.jar:/usr/local/hadoop/share/hadoop/yarn/lib/jackson-xc-1.9.13.jar:/usr/local/hadoop/share/hadoop/yarn/lib/leveldbjni-all-1.8.jar:/usr/local/hadoop/share/hadoop/yarn/lib/jsr305-3.0.0.jar:/usr/local/hadoop/share/hadoop/yarn/lib/commons-compress-1.4.1.jar:/usr/local/hadoop/share/hadoop/yarn/lib/activation-1.1.jar:/usr/local/hadoop/share/hadoop/yarn/lib/servlet-api-2.5.jar:/usr/local/hadoop/share/hadoop/yarn/lib/jackson-mapper-asl-1.9.13.jar:/usr/local/hadoop/share/hadoop/yarn/lib/jaxb-api-2.2.2.jar:/usr/local/hadoop/share/hadoop/yarn/lib/xz-1.0.jar:/usr/local/hadoop/share/hadoop/yarn/lib/javax.inject-1.jar:/usr/local/hadoop/share/hadoop/yarn/lib/jersey-server-1.9.jar:/usr/local/hadoop/share/hadoop/yarn/lib/jersey-json-1.9.jar:/usr/local/hadoop/share/hadoop/yarn/lib/commons-lang-2.6.jar:/usr/local/hadoop/share/hadoop/yarn/lib/commons-collections-3.2.1.jar:/usr/local/hadoop/share/hadoop/yarn/lib/commons-codec-1.4.jar:/usr/local/hadoop/share/hadoop/yarn/lib/zookeeper-3.4.6-tests.jar:/usr/local/hadoop/share/hadoop/yarn/lib/jersey-guice-1.9.jar:/usr/local/hadoop/share/hadoop/yarn/lib/commons-logging-1.1.3.jar:/usr/local/hadoop/share/hadoop/yarn/lib/protobuf-java-2.5.0.jar:/usr/local/hadoop/share/hadoop/yarn/lib/guava-11.0.2.jar:/usr/local/hadoop/share/hadoop/yarn/lib/jackson-core-asl-1.9.13.jar:/usr/local/hadoop/share/hadoop/yarn/hadoop-yarn-server-nodemanager-2.7.1.jar:/usr/local/hadoop/share/hadoop/yarn/hadoop-yarn-applications-unmanaged-am-launcher-2.7.1.jar:/usr/local/hadoop/share/hadoop/yarn/hadoop-yarn-server-resourcemanager-2.7.1.jar:/usr/local/hadoop/share/hadoop/yarn/hadoop-yarn-server-common-2.7.1.jar:/usr/local/hadoop/share/hadoop/yarn/hadoop-yarn-server-web-proxy-2.7.1.jar:/usr/local/hadoop/share/hadoop/yarn/hadoop-yarn-registry-2.7.1.jar:/usr/local/hadoop/share/hadoop/yarn/hadoop-yarn-server-tests-2.7.1.jar:/usr/local/hadoop/share/hadoop/yarn/hadoop-yarn-server-sharedcachemanager-2.7.1.jar:/usr/local/hadoop/share/hadoop/yarn/hadoop-yarn-api-2.7.1.jar:/usr/local/hadoop/share/hadoop/yarn/hadoop-yarn-server-applicationhistoryservice-2.7.1.jar:/usr/local/hadoop/share/hadoop/yarn/hadoop-yarn-applications-distributedshell-2.7.1.jar:/usr/local/hadoop/share/hadoop/yarn/hadoop-yarn-common-2.7.1.jar:/usr/local/hadoop/share/hadoop/yarn/hadoop-yarn-client-2.7.1.jar:/usr/local/hadoop/share/hadoop/mapreduce/lib/netty-3.6.2.Final.jar:/usr/local/hadoop/share/hadoop/mapreduce/lib/snappy-java-1.0.4.1.jar:/usr/local/hadoop/share/hadoop/mapreduce/lib/guice-servlet-3.0.jar:/usr/local/hadoop/share/hadoop/mapreduce/lib/aopalliance-1.0.jar:/usr/local/hadoop/share/hadoop/mapreduce/lib/hadoop-annotations-2.7.1.jar:/usr/local/hadoop/share/hadoop/mapreduce/lib/jersey-core-1.9.jar:/usr/local/hadoop/share/hadoop/mapreduce/lib/log4j-1.2.17.jar:/usr/local/hadoop/share/hadoop/mapreduce/lib/commons-io-2.4.jar:/usr/local/hadoop/share/hadoop/mapreduce/lib/junit-4.11.jar:/usr/local/hadoop/share/hadoop/mapreduce/lib/guice-3.0.jar:/usr/local/hadoop/share/hadoop/mapreduce/lib/asm-3.2.jar:/usr/local/hadoop/share/hadoop/mapreduce/lib/hamcrest-core-1.3.jar:/usr/local/hadoop/share/hadoop/mapreduce/lib/leveldbjni-all-1.8.jar:/usr/local/hadoop/share/hadoop/mapreduce/lib/paranamer-2.3.jar:/usr/local/hadoop/share/hadoop/mapreduce/lib/avro-1.7.4.jar:/usr/local/hadoop/share/hadoop/mapreduce/lib/commons-compress-1.4.1.jar:/usr/local/hadoop/share/hadoop/mapreduce/lib/jackson-mapper-asl-1.9.13.jar:/usr/local/hadoop/share/hadoop/mapreduce/lib/xz-1.0.jar:/usr/local/hadoop/share/hadoop/mapreduce/lib/javax.inject-1.jar:/usr/local/hadoop/share/hadoop/mapreduce/lib/jersey-server-1.9.jar:/usr/local/hadoop/share/hadoop/mapreduce/lib/jersey-guice-1.9.jar:/usr/local/hadoop/share/hadoop/mapreduce/lib/protobuf-java-2.5.0.jar:/usr/local/hadoop/share/hadoop/mapreduce/lib/jackson-core-asl-1.9.13.jar:/usr/local/hadoop/share/hadoop/mapreduce/hadoop-mapreduce-client-jobclient-2.7.1-tests.jar:/usr/local/hadoop/share/hadoop/mapreduce/hadoop-mapreduce-client-hs-plugins-2.7.1.jar:/usr/local/hadoop/share/hadoop/mapreduce/hadoop-mapreduce-client-hs-2.7.1.jar:/usr/local/hadoop/share/hadoop/mapreduce/hadoop-mapreduce-client-jobclient-2.7.1.jar:/usr/local/hadoop/share/hadoop/mapreduce/hadoop-mapreduce-client-app-2.7.1.jar:/usr/local/hadoop/share/hadoop/mapreduce/hadoop-mapreduce-client-shuffle-2.7.1.jar:/usr/local/hadoop/share/hadoop/mapreduce/hadoop-mapreduce-client-common-2.7.1.jar:/usr/local/hadoop/share/hadoop/mapreduce/hadoop-mapreduce-examples-2.7.1.jar:/usr/local/hadoop/share/hadoop/mapreduce/hadoop-mapreduce-client-core-2.7.1.jar:/usr/local/hadoop/contrib/capacity-scheduler/*.jar:/usr/local/hadoop/contrib/capacity-scheduler/*.jar:/usr/local/hadoop/contrib/capacity-scheduler/*.jar
STARTUP_MSG:   build = https://git-wip-us.apache.org/repos/asf/hadoop.git -r 15ecc87ccf4a0228f35af08fc56de536e6ce657a; compiled by 'jenkins' on 2015-06-29T06:04Z
STARTUP_MSG:   java = 1.7.0_71
************************************************************/
2019-09-18 04:50:20,377 INFO org.apache.hadoop.hdfs.server.namenode.NameNode: registered UNIX signal handlers for [TERM, HUP, INT]
2019-09-18 04:50:20,383 INFO org.apache.hadoop.hdfs.server.namenode.NameNode: createNameNode []
2019-09-18 04:50:20,756 INFO org.apache.hadoop.metrics2.impl.MetricsConfig: loaded properties from hadoop-metrics2.properties
2019-09-18 04:50:20,892 INFO org.apache.hadoop.metrics2.impl.MetricsSystemImpl: Scheduled snapshot period at 10 second(s).
2019-09-18 04:50:20,892 INFO org.apache.hadoop.metrics2.impl.MetricsSystemImpl: NameNode metrics system started
2019-09-18 04:50:20,895 INFO org.apache.hadoop.hdfs.server.namenode.NameNode: fs.defaultFS is hdfs://e877c750dfea:9000
2019-09-18 04:50:20,895 INFO org.apache.hadoop.hdfs.server.namenode.NameNode: Clients are to use e877c750dfea:9000 to access this namenode/service.
2019-09-18 04:50:21,038 WARN org.apache.hadoop.util.NativeCodeLoader: Unable to load native-hadoop library for your platform... using builtin-java classes where applicable
2019-09-18 04:50:21,364 INFO org.apache.hadoop.hdfs.DFSUtil: Starting Web-server for hdfs at: http://0.0.0.0:50070
2019-09-18 04:50:21,436 INFO org.mortbay.log: Logging to org.slf4j.impl.Log4jLoggerAdapter(org.mortbay.log) via org.mortbay.log.Slf4jLog
2019-09-18 04:50:21,447 INFO org.apache.hadoop.security.authentication.server.AuthenticationFilter: Unable to initialize FileSignerSecretProvider, falling back to use random secrets.
2019-09-18 04:50:21,456 INFO org.apache.hadoop.http.HttpRequestLog: Http request log for http.requests.namenode is not defined
2019-09-18 04:50:21,464 INFO org.apache.hadoop.http.HttpServer2: Added global filter 'safety' (class=org.apache.hadoop.http.HttpServer2$QuotingInputFilter)
2019-09-18 04:50:21,471 INFO org.apache.hadoop.http.HttpServer2: Added filter static_user_filter (class=org.apache.hadoop.http.lib.StaticUserWebFilter$StaticUserFilter) to context hdfs
2019-09-18 04:50:21,472 INFO org.apache.hadoop.http.HttpServer2: Added filter static_user_filter (class=org.apache.hadoop.http.lib.StaticUserWebFilter$StaticUserFilter) to context static
2019-09-18 04:50:21,472 INFO org.apache.hadoop.http.HttpServer2: Added filter static_user_filter (class=org.apache.hadoop.http.lib.StaticUserWebFilter$StaticUserFilter) to context logs
2019-09-18 04:50:21,514 INFO org.apache.hadoop.http.HttpServer2: Added filter 'org.apache.hadoop.hdfs.web.AuthFilter' (class=org.apache.hadoop.hdfs.web.AuthFilter)
2019-09-18 04:50:21,515 INFO org.apache.hadoop.http.HttpServer2: addJerseyResourcePackage: packageName=org.apache.hadoop.hdfs.server.namenode.web.resources;org.apache.hadoop.hdfs.web.resources, pathSpec=/webhdfs/v1/*
2019-09-18 04:50:21,545 INFO org.apache.hadoop.http.HttpServer2: Jetty bound to port 50070
2019-09-18 04:50:21,545 INFO org.mortbay.log: jetty-6.1.26
2019-09-18 04:50:21,803 INFO org.mortbay.log: Started HttpServer2$SelectChannelConnectorWithSafeStartup@0.0.0.0:50070
2019-09-18 04:50:21,855 WARN org.apache.hadoop.hdfs.server.namenode.FSNamesystem: Only one image storage directory (dfs.namenode.name.dir) configured. Beware of data loss due to lack of redundant storage directories!
2019-09-18 04:50:21,855 WARN org.apache.hadoop.hdfs.server.namenode.FSNamesystem: Only one namespace edits storage directory (dfs.namenode.edits.dir) configured. Beware of data loss due to lack of redundant storage directories!
2019-09-18 04:50:21,904 INFO org.apache.hadoop.hdfs.server.namenode.FSNamesystem: No KeyProvider found.
2019-09-18 04:50:21,904 INFO org.apache.hadoop.hdfs.server.namenode.FSNamesystem: fsLock is fair:true
2019-09-18 04:50:21,957 INFO org.apache.hadoop.hdfs.server.blockmanagement.DatanodeManager: dfs.block.invalidate.limit=1000
2019-09-18 04:50:21,957 INFO org.apache.hadoop.hdfs.server.blockmanagement.DatanodeManager: dfs.namenode.datanode.registration.ip-hostname-check=true
2019-09-18 04:50:21,958 INFO org.apache.hadoop.hdfs.server.blockmanagement.BlockManager: dfs.namenode.startup.delay.block.deletion.sec is set to 000:00:00:00.000
2019-09-18 04:50:21,959 INFO org.apache.hadoop.hdfs.server.blockmanagement.BlockManager: The block deletion will start around 2019 Sep 18 04:50:21
2019-09-18 04:50:21,961 INFO org.apache.hadoop.util.GSet: Computing capacity for map BlocksMap
2019-09-18 04:50:21,961 INFO org.apache.hadoop.util.GSet: VM type       = 64-bit
2019-09-18 04:50:21,962 INFO org.apache.hadoop.util.GSet: 2.0% max memory 889 MB = 17.8 MB
2019-09-18 04:50:21,962 INFO org.apache.hadoop.util.GSet: capacity      = 2^21 = 2097152 entries
2019-09-18 04:50:21,968 INFO org.apache.hadoop.hdfs.server.blockmanagement.BlockManager: dfs.block.access.token.enable=false
2019-09-18 04:50:21,968 INFO org.apache.hadoop.hdfs.server.blockmanagement.BlockManager: defaultReplication         = 1
2019-09-18 04:50:21,968 INFO org.apache.hadoop.hdfs.server.blockmanagement.BlockManager: maxReplication             = 512
2019-09-18 04:50:21,968 INFO org.apache.hadoop.hdfs.server.blockmanagement.BlockManager: minReplication             = 1
2019-09-18 04:50:21,968 INFO org.apache.hadoop.hdfs.server.blockmanagement.BlockManager: maxReplicationStreams      = 2
2019-09-18 04:50:21,969 INFO org.apache.hadoop.hdfs.server.blockmanagement.BlockManager: shouldCheckForEnoughRacks  = false
2019-09-18 04:50:21,969 INFO org.apache.hadoop.hdfs.server.blockmanagement.BlockManager: replicationRecheckInterval = 3000
2019-09-18 04:50:21,969 INFO org.apache.hadoop.hdfs.server.blockmanagement.BlockManager: encryptDataTransfer        = false
2019-09-18 04:50:21,969 INFO org.apache.hadoop.hdfs.server.blockmanagement.BlockManager: maxNumBlocksToLog          = 1000
2019-09-18 04:50:21,974 INFO org.apache.hadoop.hdfs.server.namenode.FSNamesystem: fsOwner             = root (auth:SIMPLE)
2019-09-18 04:50:21,974 INFO org.apache.hadoop.hdfs.server.namenode.FSNamesystem: supergroup          = supergroup
2019-09-18 04:50:21,974 INFO org.apache.hadoop.hdfs.server.namenode.FSNamesystem: isPermissionEnabled = true
2019-09-18 04:50:21,974 INFO org.apache.hadoop.hdfs.server.namenode.FSNamesystem: HA Enabled: false
2019-09-18 04:50:21,975 INFO org.apache.hadoop.hdfs.server.namenode.FSNamesystem: Append Enabled: true
2019-09-18 04:50:22,194 INFO org.apache.hadoop.util.GSet: Computing capacity for map INodeMap
2019-09-18 04:50:22,194 INFO org.apache.hadoop.util.GSet: VM type       = 64-bit
2019-09-18 04:50:22,195 INFO org.apache.hadoop.util.GSet: 1.0% max memory 889 MB = 8.9 MB
2019-09-18 04:50:22,195 INFO org.apache.hadoop.util.GSet: capacity      = 2^20 = 1048576 entries
2019-09-18 04:50:22,195 INFO org.apache.hadoop.hdfs.server.namenode.FSDirectory: ACLs enabled? false
2019-09-18 04:50:22,195 INFO org.apache.hadoop.hdfs.server.namenode.FSDirectory: XAttrs enabled? true
2019-09-18 04:50:22,195 INFO org.apache.hadoop.hdfs.server.namenode.FSDirectory: Maximum size of an xattr: 16384
2019-09-18 04:50:22,195 INFO org.apache.hadoop.hdfs.server.namenode.NameNode: Caching file names occuring more than 10 times
2019-09-18 04:50:22,203 INFO org.apache.hadoop.util.GSet: Computing capacity for map cachedBlocks
2019-09-18 04:50:22,203 INFO org.apache.hadoop.util.GSet: VM type       = 64-bit
2019-09-18 04:50:22,203 INFO org.apache.hadoop.util.GSet: 0.25% max memory 889 MB = 2.2 MB
2019-09-18 04:50:22,203 INFO org.apache.hadoop.util.GSet: capacity      = 2^18 = 262144 entries
2019-09-18 04:50:22,204 INFO org.apache.hadoop.hdfs.server.namenode.FSNamesystem: dfs.namenode.safemode.threshold-pct = 0.9990000128746033
2019-09-18 04:50:22,204 INFO org.apache.hadoop.hdfs.server.namenode.FSNamesystem: dfs.namenode.safemode.min.datanodes = 0
2019-09-18 04:50:22,205 INFO org.apache.hadoop.hdfs.server.namenode.FSNamesystem: dfs.namenode.safemode.extension     = 30000
2019-09-18 04:50:22,209 INFO org.apache.hadoop.hdfs.server.namenode.top.metrics.TopMetrics: NNTop conf: dfs.namenode.top.window.num.buckets = 10
2019-09-18 04:50:22,209 INFO org.apache.hadoop.hdfs.server.namenode.top.metrics.TopMetrics: NNTop conf: dfs.namenode.top.num.users = 10
2019-09-18 04:50:22,209 INFO org.apache.hadoop.hdfs.server.namenode.top.metrics.TopMetrics: NNTop conf: dfs.namenode.top.windows.minutes = 1,5,25
2019-09-18 04:50:22,211 INFO org.apache.hadoop.hdfs.server.namenode.FSNamesystem: Retry cache on namenode is enabled
2019-09-18 04:50:22,211 INFO org.apache.hadoop.hdfs.server.namenode.FSNamesystem: Retry cache will use 0.03 of total heap and retry cache entry expiry time is 600000 millis
2019-09-18 04:50:22,214 INFO org.apache.hadoop.util.GSet: Computing capacity for map NameNodeRetryCache
2019-09-18 04:50:22,214 INFO org.apache.hadoop.util.GSet: VM type       = 64-bit
2019-09-18 04:50:22,215 INFO org.apache.hadoop.util.GSet: 0.029999999329447746% max memory 889 MB = 273.1 KB
2019-09-18 04:50:22,215 INFO org.apache.hadoop.util.GSet: capacity      = 2^15 = 32768 entries
2019-09-18 04:50:22,252 INFO org.apache.hadoop.hdfs.server.common.Storage: Lock on /tmp/hadoop-root/dfs/name/in_use.lock acquired by nodename 124@e877c750dfea
2019-09-18 04:50:22,350 INFO org.apache.hadoop.hdfs.server.namenode.FileJournalManager: Recovering unfinalized segments in /tmp/hadoop-root/dfs/name/current
2019-09-18 04:50:22,578 INFO org.apache.hadoop.hdfs.server.namenode.FileJournalManager: Finalizing edits file /tmp/hadoop-root/dfs/name/current/edits_inprogress_0000000000000000004 -> /tmp/hadoop-root/dfs/name/current/edits_0000000000000000004-0000000000000000191
2019-09-18 04:50:22,663 INFO org.apache.hadoop.hdfs.server.namenode.FSImageFormatPBINode: Loading 1 INodes.
2019-09-18 04:50:22,704 INFO org.apache.hadoop.hdfs.server.namenode.FSImageFormatProtobuf: Loaded FSImage in 0 seconds.
2019-09-18 04:50:22,704 INFO org.apache.hadoop.hdfs.server.namenode.FSImage: Loaded image for txid 0 from /tmp/hadoop-root/dfs/name/current/fsimage_0000000000000000000
2019-09-18 04:50:22,704 INFO org.apache.hadoop.hdfs.server.namenode.FSImage: Reading org.apache.hadoop.hdfs.server.namenode.RedundantEditLogInputStream@647e1a0a expecting start txid #1
2019-09-18 04:50:22,704 INFO org.apache.hadoop.hdfs.server.namenode.FSImage: Start loading edits file /tmp/hadoop-root/dfs/name/current/edits_0000000000000000001-0000000000000000003
2019-09-18 04:50:22,706 INFO org.apache.hadoop.hdfs.server.namenode.EditLogInputStream: Fast-forwarding stream '/tmp/hadoop-root/dfs/name/current/edits_0000000000000000001-0000000000000000003' to transaction ID 1
2019-09-18 04:50:22,726 INFO org.apache.hadoop.hdfs.server.namenode.FSImage: Edits file /tmp/hadoop-root/dfs/name/current/edits_0000000000000000001-0000000000000000003 of size 1048576 edits # 3 loaded in 0 seconds
2019-09-18 04:50:22,726 INFO org.apache.hadoop.hdfs.server.namenode.FSImage: Reading org.apache.hadoop.hdfs.server.namenode.RedundantEditLogInputStream@12dfba11 expecting start txid #4
2019-09-18 04:50:22,726 INFO org.apache.hadoop.hdfs.server.namenode.FSImage: Start loading edits file /tmp/hadoop-root/dfs/name/current/edits_0000000000000000004-0000000000000000191
2019-09-18 04:50:22,726 INFO org.apache.hadoop.hdfs.server.namenode.EditLogInputStream: Fast-forwarding stream '/tmp/hadoop-root/dfs/name/current/edits_0000000000000000004-0000000000000000191' to transaction ID 1
2019-09-18 04:50:22,788 INFO org.apache.hadoop.hdfs.server.namenode.FSImage: Edits file /tmp/hadoop-root/dfs/name/current/edits_0000000000000000004-0000000000000000191 of size 1048576 edits # 188 loaded in 0 seconds
2019-09-18 04:50:22,789 INFO org.apache.hadoop.hdfs.server.namenode.FSNamesystem: Need to save fs image? true (staleImage=true, haEnabled=false, isRollingUpgrade=false)
2019-09-18 04:50:22,789 INFO org.apache.hadoop.hdfs.server.namenode.FSImage: Save namespace ...
2019-09-18 04:50:22,839 INFO org.apache.hadoop.hdfs.server.namenode.NNStorageRetentionManager: Going to retain 2 images with txid >= 0
2019-09-18 04:50:22,846 INFO org.apache.hadoop.hdfs.server.namenode.FSEditLog: Starting log segment at 192
2019-09-18 04:50:22,901 INFO org.apache.hadoop.hdfs.server.namenode.NameCache: initialized with 0 entries 0 lookups
2019-09-18 04:50:22,901 INFO org.apache.hadoop.hdfs.server.namenode.FSNamesystem: Finished loading FSImage in 682 msecs
2019-09-18 04:50:23,165 INFO org.apache.hadoop.hdfs.server.namenode.NameNode: RPC server is binding to e877c750dfea:9000
2019-09-18 04:50:23,172 INFO org.apache.hadoop.ipc.CallQueueManager: Using callQueue class java.util.concurrent.LinkedBlockingQueue
2019-09-18 04:50:23,184 INFO org.apache.hadoop.ipc.Server: Starting Socket Reader #1 for port 9000
2019-09-18 04:50:23,236 INFO org.apache.hadoop.hdfs.server.namenode.FSNamesystem: Registered FSNamesystemState MBean
2019-09-18 04:50:23,243 INFO org.apache.hadoop.hdfs.server.namenode.LeaseManager: Number of blocks under construction: 0
2019-09-18 04:50:23,243 INFO org.apache.hadoop.hdfs.server.namenode.LeaseManager: Number of blocks under construction: 0
2019-09-18 04:50:23,244 INFO org.apache.hadoop.hdfs.StateChange: STATE* Safe mode ON. 
The reported blocks 0 needs additional 31 blocks to reach the threshold 0.9990 of total blocks 31.
The number of live datanodes 0 has reached the minimum number 0. Safe mode will be turned off automatically once the thresholds have been reached.
2019-09-18 04:50:23,250 INFO org.apache.hadoop.hdfs.server.blockmanagement.DatanodeDescriptor: Number of failed storage changes from 0 to 0
2019-09-18 04:50:23,293 INFO org.apache.hadoop.ipc.Server: IPC Server Responder: starting
2019-09-18 04:50:23,293 INFO org.apache.hadoop.ipc.Server: IPC Server listener on 9000: starting
2019-09-18 04:50:23,295 INFO org.apache.hadoop.hdfs.server.namenode.NameNode: NameNode RPC up at: e877c750dfea/172.24.0.2:9000
2019-09-18 04:50:23,295 INFO org.apache.hadoop.hdfs.server.namenode.FSNamesystem: Starting services required for active state
2019-09-18 04:50:23,306 INFO org.apache.hadoop.hdfs.server.blockmanagement.CacheReplicationMonitor: Starting CacheReplicationMonitor with interval 30000 milliseconds
2019-09-18 04:50:27,060 INFO org.apache.hadoop.hdfs.StateChange: BLOCK* registerDatanode: from DatanodeRegistration(172.24.0.2:50010, datanodeUuid=5c2745ab-8b04-406c-a9d7-c513e9d8983b, infoPort=50075, infoSecurePort=0, ipcPort=50020, storageInfo=lv=-56;cid=CID-5e691286-4de5-4dde-800b-c02a7a8bf44a;nsid=1995885711;c=0) storage 5c2745ab-8b04-406c-a9d7-c513e9d8983b
2019-09-18 04:50:27,060 INFO org.apache.hadoop.hdfs.server.blockmanagement.DatanodeDescriptor: Number of failed storage changes from 0 to 0
2019-09-18 04:50:27,061 INFO org.apache.hadoop.net.NetworkTopology: Adding a new node: /default-rack/172.24.0.2:50010
2019-09-18 04:50:27,147 INFO org.apache.hadoop.hdfs.server.blockmanagement.DatanodeDescriptor: Number of failed storage changes from 0 to 0
2019-09-18 04:50:27,147 INFO org.apache.hadoop.hdfs.server.blockmanagement.DatanodeDescriptor: Adding new storage ID DS-ef9a5443-f667-4e9d-8725-f14df066e7d7 for DN 172.24.0.2:50010
2019-09-18 04:50:27,190 INFO org.apache.hadoop.hdfs.StateChange: STATE* Safe mode extension entered. 
The reported blocks 30 has reached the threshold 0.9990 of total blocks 31. The number of live datanodes 1 has reached the minimum number 0. In safe mode extension. Safe mode will be turned off automatically in 29 seconds.
2019-09-18 04:50:27,190 INFO org.apache.hadoop.hdfs.server.namenode.FSNamesystem: initializing replication queues
2019-09-18 04:50:27,191 INFO BlockStateChange: BLOCK* processReport: from storage DS-ef9a5443-f667-4e9d-8725-f14df066e7d7 node DatanodeRegistration(172.24.0.2:50010, datanodeUuid=5c2745ab-8b04-406c-a9d7-c513e9d8983b, infoPort=50075, infoSecurePort=0, ipcPort=50020, storageInfo=lv=-56;cid=CID-5e691286-4de5-4dde-800b-c02a7a8bf44a;nsid=1995885711;c=0), blocks: 31, hasStaleStorage: false, processing time: 6 msecs
2019-09-18 04:50:27,192 INFO org.apache.hadoop.hdfs.server.blockmanagement.BlockManager: Total number of blocks            = 31
2019-09-18 04:50:27,192 INFO org.apache.hadoop.hdfs.server.blockmanagement.BlockManager: Number of invalid blocks          = 0
2019-09-18 04:50:27,192 INFO org.apache.hadoop.hdfs.server.blockmanagement.BlockManager: Number of under-replicated blocks = 0
2019-09-18 04:50:27,192 INFO org.apache.hadoop.hdfs.server.blockmanagement.BlockManager: Number of  over-replicated blocks = 0
2019-09-18 04:50:27,193 INFO org.apache.hadoop.hdfs.server.blockmanagement.BlockManager: Number of blocks being written    = 0
2019-09-18 04:50:27,193 INFO org.apache.hadoop.hdfs.StateChange: STATE* Replication Queue initialization scan for invalid, over- and under-replicated blocks completed in 2 msec
2019-09-18 04:50:47,201 INFO org.apache.hadoop.hdfs.StateChange: STATE* Safe mode ON, in safe mode extension. 
The reported blocks 31 has reached the threshold 0.9990 of total blocks 31. The number of live datanodes 1 has reached the minimum number 0. In safe mode extension. Safe mode will be turned off automatically in 9 seconds.
2019-09-18 04:50:57,208 INFO org.apache.hadoop.hdfs.StateChange: STATE* Leaving safe mode after 35 secs
2019-09-18 04:50:57,208 INFO org.apache.hadoop.hdfs.StateChange: STATE* Safe mode is OFF
2019-09-18 04:50:57,209 INFO org.apache.hadoop.hdfs.StateChange: STATE* Network topology has 1 racks and 1 datanodes
2019-09-18 04:50:57,210 INFO org.apache.hadoop.hdfs.StateChange: STATE* UnderReplicatedBlocks has 0 blocks
2019-09-18 04:51:31,864 INFO org.apache.hadoop.hdfs.server.namenode.FSNamesystem: Roll Edit Log from 172.24.0.2
2019-09-18 04:51:31,864 INFO org.apache.hadoop.hdfs.server.namenode.FSEditLog: Rolling edit logs
2019-09-18 04:51:31,864 INFO org.apache.hadoop.hdfs.server.namenode.FSEditLog: Ending log segment 192
2019-09-18 04:51:31,865 INFO org.apache.hadoop.hdfs.server.namenode.FSEditLog: Number of transactions: 2 Total time for transactions(ms): 0 Number of transactions batched in Syncs: 0 Number of syncs: 2 SyncTimes(ms): 10 
2019-09-18 04:51:31,866 INFO org.apache.hadoop.hdfs.server.namenode.FSEditLog: Number of transactions: 2 Total time for transactions(ms): 0 Number of transactions batched in Syncs: 0 Number of syncs: 3 SyncTimes(ms): 11 
2019-09-18 04:51:31,868 INFO org.apache.hadoop.hdfs.server.namenode.FileJournalManager: Finalizing edits file /tmp/hadoop-root/dfs/name/current/edits_inprogress_0000000000000000192 -> /tmp/hadoop-root/dfs/name/current/edits_0000000000000000192-0000000000000000193
2019-09-18 04:51:31,869 INFO org.apache.hadoop.hdfs.server.namenode.FSEditLog: Starting log segment at 194
2019-09-18 04:51:32,894 INFO org.apache.hadoop.hdfs.server.namenode.TransferFsImage: Transfer took 0.00s at 666.67 KB/s
2019-09-18 04:51:32,894 INFO org.apache.hadoop.hdfs.server.namenode.TransferFsImage: Downloaded file fsimage.ckpt_0000000000000000193 size 2947 bytes.
2019-09-18 04:51:32,903 INFO org.apache.hadoop.hdfs.server.namenode.NNStorageRetentionManager: Going to retain 2 images with txid >= 191
2019-09-18 04:51:32,903 INFO org.apache.hadoop.hdfs.server.namenode.NNStorageRetentionManager: Purging old image FSImageFile(file=/tmp/hadoop-root/dfs/name/current/fsimage_0000000000000000000, cpktTxId=0000000000000000000)
2019-09-18 04:55:57,760 INFO logs: Aliases are enabled
