2019-06-26 05:56:55,436 INFO org.apache.hadoop.yarn.server.resourcemanager.ResourceManager: STARTUP_MSG: 
/************************************************************
STARTUP_MSG: Starting ResourceManager
STARTUP_MSG:   host = 3165b581f543/172.24.0.2
STARTUP_MSG:   args = []
STARTUP_MSG:   version = 2.7.0
STARTUP_MSG:   classpath = /usr/local/hadoop/etc/hadoop/:/usr/local/hadoop/etc/hadoop/:/usr/local/hadoop/etc/hadoop/:/usr/local/hadoop/share/hadoop/common/lib/netty-3.6.2.Final.jar:/usr/local/hadoop/share/hadoop/common/lib/commons-configuration-1.6.jar:/usr/local/hadoop/share/hadoop/common/lib/api-asn1-api-1.0.0-M20.jar:/usr/local/hadoop/share/hadoop/common/lib/httpclient-4.2.5.jar:/usr/local/hadoop/share/hadoop/common/lib/htrace-core-3.1.0-incubating.jar:/usr/local/hadoop/share/hadoop/common/lib/jaxb-impl-2.2.3-1.jar:/usr/local/hadoop/share/hadoop/common/lib/stax-api-1.0-2.jar:/usr/local/hadoop/share/hadoop/common/lib/api-util-1.0.0-M20.jar:/usr/local/hadoop/share/hadoop/common/lib/snappy-java-1.0.4.1.jar:/usr/local/hadoop/share/hadoop/common/lib/commons-cli-1.2.jar:/usr/local/hadoop/share/hadoop/common/lib/commons-math3-3.1.1.jar:/usr/local/hadoop/share/hadoop/common/lib/jsch-0.1.42.jar:/usr/local/hadoop/share/hadoop/common/lib/commons-beanutils-1.7.0.jar:/usr/local/hadoop/share/hadoop/common/lib/hadoop-annotations-2.7.0.jar:/usr/local/hadoop/share/hadoop/common/lib/httpcore-4.2.5.jar:/usr/local/hadoop/share/hadoop/common/lib/mockito-all-1.8.5.jar:/usr/local/hadoop/share/hadoop/common/lib/slf4j-log4j12-1.7.10.jar:/usr/local/hadoop/share/hadoop/common/lib/jersey-core-1.9.jar:/usr/local/hadoop/share/hadoop/common/lib/log4j-1.2.17.jar:/usr/local/hadoop/share/hadoop/common/lib/jetty-6.1.26.jar:/usr/local/hadoop/share/hadoop/common/lib/zookeeper-3.4.6.jar:/usr/local/hadoop/share/hadoop/common/lib/apacheds-i18n-2.0.0-M15.jar:/usr/local/hadoop/share/hadoop/common/lib/java-xmlbuilder-0.4.jar:/usr/local/hadoop/share/hadoop/common/lib/commons-io-2.4.jar:/usr/local/hadoop/share/hadoop/common/lib/junit-4.11.jar:/usr/local/hadoop/share/hadoop/common/lib/jettison-1.1.jar:/usr/local/hadoop/share/hadoop/common/lib/jets3t-0.9.0.jar:/usr/local/hadoop/share/hadoop/common/lib/jetty-util-6.1.26.jar:/usr/local/hadoop/share/hadoop/common/lib/commons-httpclient-3.1.jar:/usr/local/hadoop/share/hadoop/common/lib/commons-net-3.1.jar:/usr/local/hadoop/share/hadoop/common/lib/jackson-jaxrs-1.9.13.jar:/usr/local/hadoop/share/hadoop/common/lib/asm-3.2.jar:/usr/local/hadoop/share/hadoop/common/lib/hamcrest-core-1.3.jar:/usr/local/hadoop/share/hadoop/common/lib/xmlenc-0.52.jar:/usr/local/hadoop/share/hadoop/common/lib/jackson-xc-1.9.13.jar:/usr/local/hadoop/share/hadoop/common/lib/jsp-api-2.1.jar:/usr/local/hadoop/share/hadoop/common/lib/paranamer-2.3.jar:/usr/local/hadoop/share/hadoop/common/lib/avro-1.7.4.jar:/usr/local/hadoop/share/hadoop/common/lib/curator-recipes-2.7.1.jar:/usr/local/hadoop/share/hadoop/common/lib/jsr305-3.0.0.jar:/usr/local/hadoop/share/hadoop/common/lib/commons-compress-1.4.1.jar:/usr/local/hadoop/share/hadoop/common/lib/activation-1.1.jar:/usr/local/hadoop/share/hadoop/common/lib/servlet-api-2.5.jar:/usr/local/hadoop/share/hadoop/common/lib/jackson-mapper-asl-1.9.13.jar:/usr/local/hadoop/share/hadoop/common/lib/commons-beanutils-core-1.8.0.jar:/usr/local/hadoop/share/hadoop/common/lib/jaxb-api-2.2.2.jar:/usr/local/hadoop/share/hadoop/common/lib/xz-1.0.jar:/usr/local/hadoop/share/hadoop/common/lib/jersey-server-1.9.jar:/usr/local/hadoop/share/hadoop/common/lib/jersey-json-1.9.jar:/usr/local/hadoop/share/hadoop/common/lib/commons-lang-2.6.jar:/usr/local/hadoop/share/hadoop/common/lib/curator-framework-2.7.1.jar:/usr/local/hadoop/share/hadoop/common/lib/gson-2.2.4.jar:/usr/local/hadoop/share/hadoop/common/lib/curator-client-2.7.1.jar:/usr/local/hadoop/share/hadoop/common/lib/commons-collections-3.2.1.jar:/usr/local/hadoop/share/hadoop/common/lib/commons-codec-1.4.jar:/usr/local/hadoop/share/hadoop/common/lib/hadoop-auth-2.7.0.jar:/usr/local/hadoop/share/hadoop/common/lib/commons-logging-1.1.3.jar:/usr/local/hadoop/share/hadoop/common/lib/protobuf-java-2.5.0.jar:/usr/local/hadoop/share/hadoop/common/lib/commons-digester-1.8.jar:/usr/local/hadoop/share/hadoop/common/lib/guava-11.0.2.jar:/usr/local/hadoop/share/hadoop/common/lib/jackson-core-asl-1.9.13.jar:/usr/local/hadoop/share/hadoop/common/lib/slf4j-api-1.7.10.jar:/usr/local/hadoop/share/hadoop/common/lib/apacheds-kerberos-codec-2.0.0-M15.jar:/usr/local/hadoop/share/hadoop/common/hadoop-nfs-2.7.0.jar:/usr/local/hadoop/share/hadoop/common/hadoop-common-2.7.0-tests.jar:/usr/local/hadoop/share/hadoop/common/hadoop-common-2.7.0.jar:/usr/local/hadoop/share/hadoop/hdfs:/usr/local/hadoop/share/hadoop/hdfs/lib/netty-3.6.2.Final.jar:/usr/local/hadoop/share/hadoop/hdfs/lib/htrace-core-3.1.0-incubating.jar:/usr/local/hadoop/share/hadoop/hdfs/lib/commons-cli-1.2.jar:/usr/local/hadoop/share/hadoop/hdfs/lib/netty-all-4.0.23.Final.jar:/usr/local/hadoop/share/hadoop/hdfs/lib/jersey-core-1.9.jar:/usr/local/hadoop/share/hadoop/hdfs/lib/log4j-1.2.17.jar:/usr/local/hadoop/share/hadoop/hdfs/lib/jetty-6.1.26.jar:/usr/local/hadoop/share/hadoop/hdfs/lib/commons-io-2.4.jar:/usr/local/hadoop/share/hadoop/hdfs/lib/jetty-util-6.1.26.jar:/usr/local/hadoop/share/hadoop/hdfs/lib/asm-3.2.jar:/usr/local/hadoop/share/hadoop/hdfs/lib/xmlenc-0.52.jar:/usr/local/hadoop/share/hadoop/hdfs/lib/leveldbjni-all-1.8.jar:/usr/local/hadoop/share/hadoop/hdfs/lib/jsr305-3.0.0.jar:/usr/local/hadoop/share/hadoop/hdfs/lib/servlet-api-2.5.jar:/usr/local/hadoop/share/hadoop/hdfs/lib/jackson-mapper-asl-1.9.13.jar:/usr/local/hadoop/share/hadoop/hdfs/lib/jersey-server-1.9.jar:/usr/local/hadoop/share/hadoop/hdfs/lib/xercesImpl-2.9.1.jar:/usr/local/hadoop/share/hadoop/hdfs/lib/commons-lang-2.6.jar:/usr/local/hadoop/share/hadoop/hdfs/lib/xml-apis-1.3.04.jar:/usr/local/hadoop/share/hadoop/hdfs/lib/commons-daemon-1.0.13.jar:/usr/local/hadoop/share/hadoop/hdfs/lib/commons-codec-1.4.jar:/usr/local/hadoop/share/hadoop/hdfs/lib/commons-logging-1.1.3.jar:/usr/local/hadoop/share/hadoop/hdfs/lib/protobuf-java-2.5.0.jar:/usr/local/hadoop/share/hadoop/hdfs/lib/guava-11.0.2.jar:/usr/local/hadoop/share/hadoop/hdfs/lib/jackson-core-asl-1.9.13.jar:/usr/local/hadoop/share/hadoop/hdfs/hadoop-hdfs-2.7.0-tests.jar:/usr/local/hadoop/share/hadoop/hdfs/hadoop-hdfs-nfs-2.7.0.jar:/usr/local/hadoop/share/hadoop/hdfs/hadoop-hdfs-2.7.0.jar:/usr/local/hadoop/share/hadoop/yarn/lib/netty-3.6.2.Final.jar:/usr/local/hadoop/share/hadoop/yarn/lib/jersey-client-1.9.jar:/usr/local/hadoop/share/hadoop/yarn/lib/jaxb-impl-2.2.3-1.jar:/usr/local/hadoop/share/hadoop/yarn/lib/stax-api-1.0-2.jar:/usr/local/hadoop/share/hadoop/yarn/lib/commons-cli-1.2.jar:/usr/local/hadoop/share/hadoop/yarn/lib/guice-servlet-3.0.jar:/usr/local/hadoop/share/hadoop/yarn/lib/aopalliance-1.0.jar:/usr/local/hadoop/share/hadoop/yarn/lib/jersey-core-1.9.jar:/usr/local/hadoop/share/hadoop/yarn/lib/log4j-1.2.17.jar:/usr/local/hadoop/share/hadoop/yarn/lib/jetty-6.1.26.jar:/usr/local/hadoop/share/hadoop/yarn/lib/zookeeper-3.4.6.jar:/usr/local/hadoop/share/hadoop/yarn/lib/commons-io-2.4.jar:/usr/local/hadoop/share/hadoop/yarn/lib/jettison-1.1.jar:/usr/local/hadoop/share/hadoop/yarn/lib/guice-3.0.jar:/usr/local/hadoop/share/hadoop/yarn/lib/jetty-util-6.1.26.jar:/usr/local/hadoop/share/hadoop/yarn/lib/jackson-jaxrs-1.9.13.jar:/usr/local/hadoop/share/hadoop/yarn/lib/asm-3.2.jar:/usr/local/hadoop/share/hadoop/yarn/lib/jackson-xc-1.9.13.jar:/usr/local/hadoop/share/hadoop/yarn/lib/leveldbjni-all-1.8.jar:/usr/local/hadoop/share/hadoop/yarn/lib/jsr305-3.0.0.jar:/usr/local/hadoop/share/hadoop/yarn/lib/commons-compress-1.4.1.jar:/usr/local/hadoop/share/hadoop/yarn/lib/activation-1.1.jar:/usr/local/hadoop/share/hadoop/yarn/lib/servlet-api-2.5.jar:/usr/local/hadoop/share/hadoop/yarn/lib/jackson-mapper-asl-1.9.13.jar:/usr/local/hadoop/share/hadoop/yarn/lib/jaxb-api-2.2.2.jar:/usr/local/hadoop/share/hadoop/yarn/lib/xz-1.0.jar:/usr/local/hadoop/share/hadoop/yarn/lib/javax.inject-1.jar:/usr/local/hadoop/share/hadoop/yarn/lib/jersey-server-1.9.jar:/usr/local/hadoop/share/hadoop/yarn/lib/jersey-json-1.9.jar:/usr/local/hadoop/share/hadoop/yarn/lib/commons-lang-2.6.jar:/usr/local/hadoop/share/hadoop/yarn/lib/commons-collections-3.2.1.jar:/usr/local/hadoop/share/hadoop/yarn/lib/commons-codec-1.4.jar:/usr/local/hadoop/share/hadoop/yarn/lib/zookeeper-3.4.6-tests.jar:/usr/local/hadoop/share/hadoop/yarn/lib/jersey-guice-1.9.jar:/usr/local/hadoop/share/hadoop/yarn/lib/commons-logging-1.1.3.jar:/usr/local/hadoop/share/hadoop/yarn/lib/protobuf-java-2.5.0.jar:/usr/local/hadoop/share/hadoop/yarn/lib/guava-11.0.2.jar:/usr/local/hadoop/share/hadoop/yarn/lib/jackson-core-asl-1.9.13.jar:/usr/local/hadoop/share/hadoop/yarn/hadoop-yarn-applications-distributedshell-2.7.0.jar:/usr/local/hadoop/share/hadoop/yarn/hadoop-yarn-server-applicationhistoryservice-2.7.0.jar:/usr/local/hadoop/share/hadoop/yarn/hadoop-yarn-common-2.7.0.jar:/usr/local/hadoop/share/hadoop/yarn/hadoop-yarn-server-nodemanager-2.7.0.jar:/usr/local/hadoop/share/hadoop/yarn/hadoop-yarn-server-common-2.7.0.jar:/usr/local/hadoop/share/hadoop/yarn/hadoop-yarn-api-2.7.0.jar:/usr/local/hadoop/share/hadoop/yarn/hadoop-yarn-server-resourcemanager-2.7.0.jar:/usr/local/hadoop/share/hadoop/yarn/hadoop-yarn-server-tests-2.7.0.jar:/usr/local/hadoop/share/hadoop/yarn/hadoop-yarn-registry-2.7.0.jar:/usr/local/hadoop/share/hadoop/yarn/hadoop-yarn-server-sharedcachemanager-2.7.0.jar:/usr/local/hadoop/share/hadoop/yarn/hadoop-yarn-server-web-proxy-2.7.0.jar:/usr/local/hadoop/share/hadoop/yarn/hadoop-yarn-applications-unmanaged-am-launcher-2.7.0.jar:/usr/local/hadoop/share/hadoop/yarn/hadoop-yarn-client-2.7.0.jar:/usr/local/hadoop/share/hadoop/mapreduce/lib/netty-3.6.2.Final.jar:/usr/local/hadoop/share/hadoop/mapreduce/lib/snappy-java-1.0.4.1.jar:/usr/local/hadoop/share/hadoop/mapreduce/lib/guice-servlet-3.0.jar:/usr/local/hadoop/share/hadoop/mapreduce/lib/aopalliance-1.0.jar:/usr/local/hadoop/share/hadoop/mapreduce/lib/hadoop-annotations-2.7.0.jar:/usr/local/hadoop/share/hadoop/mapreduce/lib/jersey-core-1.9.jar:/usr/local/hadoop/share/hadoop/mapreduce/lib/log4j-1.2.17.jar:/usr/local/hadoop/share/hadoop/mapreduce/lib/commons-io-2.4.jar:/usr/local/hadoop/share/hadoop/mapreduce/lib/junit-4.11.jar:/usr/local/hadoop/share/hadoop/mapreduce/lib/guice-3.0.jar:/usr/local/hadoop/share/hadoop/mapreduce/lib/asm-3.2.jar:/usr/local/hadoop/share/hadoop/mapreduce/lib/hamcrest-core-1.3.jar:/usr/local/hadoop/share/hadoop/mapreduce/lib/leveldbjni-all-1.8.jar:/usr/local/hadoop/share/hadoop/mapreduce/lib/paranamer-2.3.jar:/usr/local/hadoop/share/hadoop/mapreduce/lib/avro-1.7.4.jar:/usr/local/hadoop/share/hadoop/mapreduce/lib/commons-compress-1.4.1.jar:/usr/local/hadoop/share/hadoop/mapreduce/lib/jackson-mapper-asl-1.9.13.jar:/usr/local/hadoop/share/hadoop/mapreduce/lib/xz-1.0.jar:/usr/local/hadoop/share/hadoop/mapreduce/lib/javax.inject-1.jar:/usr/local/hadoop/share/hadoop/mapreduce/lib/jersey-server-1.9.jar:/usr/local/hadoop/share/hadoop/mapreduce/lib/jersey-guice-1.9.jar:/usr/local/hadoop/share/hadoop/mapreduce/lib/protobuf-java-2.5.0.jar:/usr/local/hadoop/share/hadoop/mapreduce/lib/jackson-core-asl-1.9.13.jar:/usr/local/hadoop/share/hadoop/mapreduce/hadoop-mapreduce-client-core-2.7.0.jar:/usr/local/hadoop/share/hadoop/mapreduce/hadoop-mapreduce-client-jobclient-2.7.0.jar:/usr/local/hadoop/share/hadoop/mapreduce/hadoop-mapreduce-client-shuffle-2.7.0.jar:/usr/local/hadoop/share/hadoop/mapreduce/hadoop-mapreduce-client-jobclient-2.7.0-tests.jar:/usr/local/hadoop/share/hadoop/mapreduce/hadoop-mapreduce-client-hs-plugins-2.7.0.jar:/usr/local/hadoop/share/hadoop/mapreduce/hadoop-mapreduce-client-common-2.7.0.jar:/usr/local/hadoop/share/hadoop/mapreduce/hadoop-mapreduce-client-app-2.7.0.jar:/usr/local/hadoop/share/hadoop/mapreduce/hadoop-mapreduce-examples-2.7.0.jar:/usr/local/hadoop/share/hadoop/mapreduce/hadoop-mapreduce-client-hs-2.7.0.jar:/usr/local/hadoop/contrib/capacity-scheduler/*.jar:/usr/local/hadoop/contrib/capacity-scheduler/*.jar:/usr/local/hadoop/contrib/capacity-scheduler/*.jar:/usr/local/hadoop/share/hadoop/yarn/hadoop-yarn-applications-distributedshell-2.7.0.jar:/usr/local/hadoop/share/hadoop/yarn/hadoop-yarn-server-applicationhistoryservice-2.7.0.jar:/usr/local/hadoop/share/hadoop/yarn/hadoop-yarn-common-2.7.0.jar:/usr/local/hadoop/share/hadoop/yarn/hadoop-yarn-server-nodemanager-2.7.0.jar:/usr/local/hadoop/share/hadoop/yarn/hadoop-yarn-server-common-2.7.0.jar:/usr/local/hadoop/share/hadoop/yarn/hadoop-yarn-api-2.7.0.jar:/usr/local/hadoop/share/hadoop/yarn/hadoop-yarn-server-resourcemanager-2.7.0.jar:/usr/local/hadoop/share/hadoop/yarn/hadoop-yarn-server-tests-2.7.0.jar:/usr/local/hadoop/share/hadoop/yarn/hadoop-yarn-registry-2.7.0.jar:/usr/local/hadoop/share/hadoop/yarn/hadoop-yarn-server-sharedcachemanager-2.7.0.jar:/usr/local/hadoop/share/hadoop/yarn/hadoop-yarn-server-web-proxy-2.7.0.jar:/usr/local/hadoop/share/hadoop/yarn/hadoop-yarn-applications-unmanaged-am-launcher-2.7.0.jar:/usr/local/hadoop/share/hadoop/yarn/hadoop-yarn-client-2.7.0.jar:/usr/local/hadoop/share/hadoop/yarn/lib/netty-3.6.2.Final.jar:/usr/local/hadoop/share/hadoop/yarn/lib/jersey-client-1.9.jar:/usr/local/hadoop/share/hadoop/yarn/lib/jaxb-impl-2.2.3-1.jar:/usr/local/hadoop/share/hadoop/yarn/lib/stax-api-1.0-2.jar:/usr/local/hadoop/share/hadoop/yarn/lib/commons-cli-1.2.jar:/usr/local/hadoop/share/hadoop/yarn/lib/guice-servlet-3.0.jar:/usr/local/hadoop/share/hadoop/yarn/lib/aopalliance-1.0.jar:/usr/local/hadoop/share/hadoop/yarn/lib/jersey-core-1.9.jar:/usr/local/hadoop/share/hadoop/yarn/lib/log4j-1.2.17.jar:/usr/local/hadoop/share/hadoop/yarn/lib/jetty-6.1.26.jar:/usr/local/hadoop/share/hadoop/yarn/lib/zookeeper-3.4.6.jar:/usr/local/hadoop/share/hadoop/yarn/lib/commons-io-2.4.jar:/usr/local/hadoop/share/hadoop/yarn/lib/jettison-1.1.jar:/usr/local/hadoop/share/hadoop/yarn/lib/guice-3.0.jar:/usr/local/hadoop/share/hadoop/yarn/lib/jetty-util-6.1.26.jar:/usr/local/hadoop/share/hadoop/yarn/lib/jackson-jaxrs-1.9.13.jar:/usr/local/hadoop/share/hadoop/yarn/lib/asm-3.2.jar:/usr/local/hadoop/share/hadoop/yarn/lib/jackson-xc-1.9.13.jar:/usr/local/hadoop/share/hadoop/yarn/lib/leveldbjni-all-1.8.jar:/usr/local/hadoop/share/hadoop/yarn/lib/jsr305-3.0.0.jar:/usr/local/hadoop/share/hadoop/yarn/lib/commons-compress-1.4.1.jar:/usr/local/hadoop/share/hadoop/yarn/lib/activation-1.1.jar:/usr/local/hadoop/share/hadoop/yarn/lib/servlet-api-2.5.jar:/usr/local/hadoop/share/hadoop/yarn/lib/jackson-mapper-asl-1.9.13.jar:/usr/local/hadoop/share/hadoop/yarn/lib/jaxb-api-2.2.2.jar:/usr/local/hadoop/share/hadoop/yarn/lib/xz-1.0.jar:/usr/local/hadoop/share/hadoop/yarn/lib/javax.inject-1.jar:/usr/local/hadoop/share/hadoop/yarn/lib/jersey-server-1.9.jar:/usr/local/hadoop/share/hadoop/yarn/lib/jersey-json-1.9.jar:/usr/local/hadoop/share/hadoop/yarn/lib/commons-lang-2.6.jar:/usr/local/hadoop/share/hadoop/yarn/lib/commons-collections-3.2.1.jar:/usr/local/hadoop/share/hadoop/yarn/lib/commons-codec-1.4.jar:/usr/local/hadoop/share/hadoop/yarn/lib/zookeeper-3.4.6-tests.jar:/usr/local/hadoop/share/hadoop/yarn/lib/jersey-guice-1.9.jar:/usr/local/hadoop/share/hadoop/yarn/lib/commons-logging-1.1.3.jar:/usr/local/hadoop/share/hadoop/yarn/lib/protobuf-java-2.5.0.jar:/usr/local/hadoop/share/hadoop/yarn/lib/guava-11.0.2.jar:/usr/local/hadoop/share/hadoop/yarn/lib/jackson-core-asl-1.9.13.jar:/usr/local/hadoop/etc/hadoop//rm-config/log4j.properties
STARTUP_MSG:   build = https://git-wip-us.apache.org/repos/asf/hadoop.git -r d4c8d4d4d203c934e8074b31289a28724c0842cf; compiled by 'jenkins' on 2015-04-10T18:40Z
STARTUP_MSG:   java = 1.7.0_71
************************************************************/
2019-06-26 05:56:55,444 INFO org.apache.hadoop.yarn.server.resourcemanager.ResourceManager: registered UNIX signal handlers for [TERM, HUP, INT]
2019-06-26 05:56:55,785 INFO org.apache.hadoop.conf.Configuration: found resource core-site.xml at file:/usr/local/hadoop-2.7.0/etc/hadoop/core-site.xml
2019-06-26 05:56:55,925 INFO org.apache.hadoop.security.Groups: clearing userToGroupsMap cache
2019-06-26 05:56:56,046 INFO org.apache.hadoop.conf.Configuration: found resource yarn-site.xml at file:/usr/local/hadoop-2.7.0/etc/hadoop/yarn-site.xml
2019-06-26 05:56:56,375 INFO org.apache.hadoop.yarn.event.AsyncDispatcher: Registering class org.apache.hadoop.yarn.server.resourcemanager.RMFatalEventType for class org.apache.hadoop.yarn.server.resourcemanager.ResourceManager$RMFatalEventDispatcher
2019-06-26 05:56:56,692 INFO org.apache.hadoop.yarn.server.resourcemanager.security.NMTokenSecretManagerInRM: NMTokenKeyRollingInterval: 86400000ms and NMTokenKeyActivationDelay: 900000ms
2019-06-26 05:56:56,697 INFO org.apache.hadoop.yarn.server.resourcemanager.security.RMContainerTokenSecretManager: ContainerTokenKeyRollingInterval: 86400000ms and ContainerTokenKeyActivationDelay: 900000ms
2019-06-26 05:56:56,703 INFO org.apache.hadoop.yarn.server.resourcemanager.security.AMRMTokenSecretManager: AMRMTokenKeyRollingInterval: 86400000ms and AMRMTokenKeyActivationDelay: 900000 ms
2019-06-26 05:56:56,740 INFO org.apache.hadoop.yarn.event.AsyncDispatcher: Registering class org.apache.hadoop.yarn.server.resourcemanager.recovery.RMStateStoreEventType for class org.apache.hadoop.yarn.server.resourcemanager.recovery.RMStateStore$ForwardingEventHandler
2019-06-26 05:56:56,745 INFO org.apache.hadoop.yarn.event.AsyncDispatcher: Registering class org.apache.hadoop.yarn.server.resourcemanager.NodesListManagerEventType for class org.apache.hadoop.yarn.server.resourcemanager.NodesListManager
2019-06-26 05:56:56,746 INFO org.apache.hadoop.yarn.server.resourcemanager.ResourceManager: Using Scheduler: org.apache.hadoop.yarn.server.resourcemanager.scheduler.capacity.CapacityScheduler
2019-06-26 05:56:56,765 INFO org.apache.hadoop.yarn.event.AsyncDispatcher: Registering class org.apache.hadoop.yarn.server.resourcemanager.scheduler.event.SchedulerEventType for class org.apache.hadoop.yarn.server.resourcemanager.ResourceManager$SchedulerEventDispatcher
2019-06-26 05:56:56,766 INFO org.apache.hadoop.yarn.event.AsyncDispatcher: Registering class org.apache.hadoop.yarn.server.resourcemanager.rmapp.RMAppEventType for class org.apache.hadoop.yarn.server.resourcemanager.ResourceManager$ApplicationEventDispatcher
2019-06-26 05:56:56,768 INFO org.apache.hadoop.yarn.event.AsyncDispatcher: Registering class org.apache.hadoop.yarn.server.resourcemanager.rmapp.attempt.RMAppAttemptEventType for class org.apache.hadoop.yarn.server.resourcemanager.ResourceManager$ApplicationAttemptEventDispatcher
2019-06-26 05:56:56,768 INFO org.apache.hadoop.yarn.event.AsyncDispatcher: Registering class org.apache.hadoop.yarn.server.resourcemanager.rmnode.RMNodeEventType for class org.apache.hadoop.yarn.server.resourcemanager.ResourceManager$NodeEventDispatcher
2019-06-26 05:56:56,849 INFO org.apache.hadoop.metrics2.impl.MetricsConfig: loaded properties from hadoop-metrics2.properties
2019-06-26 05:56:56,928 INFO org.apache.hadoop.metrics2.impl.MetricsSystemImpl: Scheduled snapshot period at 10 second(s).
2019-06-26 05:56:56,928 INFO org.apache.hadoop.metrics2.impl.MetricsSystemImpl: ResourceManager metrics system started
2019-06-26 05:56:56,944 INFO org.apache.hadoop.yarn.event.AsyncDispatcher: Registering class org.apache.hadoop.yarn.server.resourcemanager.RMAppManagerEventType for class org.apache.hadoop.yarn.server.resourcemanager.RMAppManager
2019-06-26 05:56:56,951 INFO org.apache.hadoop.yarn.event.AsyncDispatcher: Registering class org.apache.hadoop.yarn.server.resourcemanager.amlauncher.AMLauncherEventType for class org.apache.hadoop.yarn.server.resourcemanager.amlauncher.ApplicationMasterLauncher
2019-06-26 05:56:56,954 INFO org.apache.hadoop.yarn.server.resourcemanager.RMNMInfo: Registered RMNMInfo MBean
2019-06-26 05:56:56,956 INFO org.apache.hadoop.yarn.security.YarnAuthorizationProvider: org.apache.hadoop.yarn.security.ConfiguredYarnAuthorizer is instiantiated.
2019-06-26 05:56:56,956 INFO org.apache.hadoop.yarn.server.resourcemanager.metrics.SystemMetricsPublisher: YARN system metrics publishing service is not enabled
2019-06-26 05:56:56,957 INFO org.apache.hadoop.util.HostsFileReader: Refreshing hosts (include/exclude) list
2019-06-26 05:56:56,964 INFO org.apache.hadoop.conf.Configuration: found resource capacity-scheduler.xml at file:/usr/local/hadoop-2.7.0/etc/hadoop/capacity-scheduler.xml
2019-06-26 05:56:57,035 INFO org.apache.hadoop.yarn.server.resourcemanager.scheduler.capacity.CapacitySchedulerConfiguration: max alloc mb per queue for root is undefined
2019-06-26 05:56:57,035 INFO org.apache.hadoop.yarn.server.resourcemanager.scheduler.capacity.CapacitySchedulerConfiguration: max alloc vcore per queue for root is undefined
2019-06-26 05:56:57,039 INFO org.apache.hadoop.yarn.server.resourcemanager.scheduler.capacity.ParentQueue: root, capacity=1.0, asboluteCapacity=1.0, maxCapacity=1.0, asboluteMaxCapacity=1.0, state=RUNNING, acls=ADMINISTER_QUEUE:*SUBMIT_APP:*, labels=*,
, reservationsContinueLooking=true
2019-06-26 05:56:57,039 INFO org.apache.hadoop.yarn.server.resourcemanager.scheduler.capacity.ParentQueue: Initialized parent-queue root name=root, fullname=root
2019-06-26 05:56:57,052 INFO org.apache.hadoop.yarn.server.resourcemanager.scheduler.capacity.CapacitySchedulerConfiguration: max alloc mb per queue for root.default is undefined
2019-06-26 05:56:57,052 INFO org.apache.hadoop.yarn.server.resourcemanager.scheduler.capacity.CapacitySchedulerConfiguration: max alloc vcore per queue for root.default is undefined
2019-06-26 05:56:57,054 INFO org.apache.hadoop.yarn.server.resourcemanager.scheduler.capacity.LeafQueue: Initializing default
capacity = 1.0 [= (float) configuredCapacity / 100 ]
asboluteCapacity = 1.0 [= parentAbsoluteCapacity * capacity ]
maxCapacity = 1.0 [= configuredMaxCapacity ]
absoluteMaxCapacity = 1.0 [= 1.0 maximumCapacity undefined, (parentAbsoluteMaxCapacity * maximumCapacity) / 100 otherwise ]
userLimit = 100 [= configuredUserLimit ]
userLimitFactor = 1.0 [= configuredUserLimitFactor ]
maxApplications = 10000 [= configuredMaximumSystemApplicationsPerQueue or (int)(configuredMaximumSystemApplications * absoluteCapacity)]
maxApplicationsPerUser = 10000 [= (int)(maxApplications * (userLimit / 100.0f) * userLimitFactor) ]
usedCapacity = 0.0 [= usedResourcesMemory / (clusterResourceMemory * absoluteCapacity)]
absoluteUsedCapacity = 0.0 [= usedResourcesMemory / clusterResourceMemory]
maxAMResourcePerQueuePercent = 0.1 [= configuredMaximumAMResourcePercent ]
minimumAllocationFactor = 0.875 [= (float)(maximumAllocationMemory - minimumAllocationMemory) / maximumAllocationMemory ]
maximumAllocation = <memory:8192, vCores:32> [= configuredMaxAllocation ]
numContainers = 0 [= currentNumContainers ]
state = RUNNING [= configuredState ]
acls = ADMINISTER_QUEUE:*SUBMIT_APP:* [= configuredAcls ]
nodeLocalityDelay = 40
labels=*,
nodeLocalityDelay = 40
reservationsContinueLooking = true
preemptionDisabled = true

2019-06-26 05:56:57,054 INFO org.apache.hadoop.yarn.server.resourcemanager.scheduler.capacity.CapacityScheduler: Initialized queue: default: capacity=1.0, absoluteCapacity=1.0, usedResources=<memory:0, vCores:0>, usedCapacity=0.0, absoluteUsedCapacity=0.0, numApps=0, numContainers=0
2019-06-26 05:56:57,054 INFO org.apache.hadoop.yarn.server.resourcemanager.scheduler.capacity.CapacityScheduler: Initialized queue: root: numChildQueue= 1, capacity=1.0, absoluteCapacity=1.0, usedResources=<memory:0, vCores:0>usedCapacity=0.0, numApps=0, numContainers=0
2019-06-26 05:56:57,055 INFO org.apache.hadoop.yarn.server.resourcemanager.scheduler.capacity.CapacityScheduler: Initialized root queue root: numChildQueue= 1, capacity=1.0, absoluteCapacity=1.0, usedResources=<memory:0, vCores:0>usedCapacity=0.0, numApps=0, numContainers=0
2019-06-26 05:56:57,055 INFO org.apache.hadoop.yarn.server.resourcemanager.scheduler.capacity.CapacityScheduler: Initialized queue mappings, override: false
2019-06-26 05:56:57,056 INFO org.apache.hadoop.yarn.server.resourcemanager.scheduler.capacity.CapacityScheduler: Initialized CapacityScheduler with calculator=class org.apache.hadoop.yarn.util.resource.DefaultResourceCalculator, minimumAllocation=<<memory:1024, vCores:1>>, maximumAllocation=<<memory:8192, vCores:32>>, asynchronousScheduling=false, asyncScheduleInterval=5ms
2019-06-26 05:56:57,062 INFO org.apache.hadoop.yarn.server.resourcemanager.ResourceManager: Transitioning to active state
2019-06-26 05:56:57,085 INFO org.apache.hadoop.yarn.server.resourcemanager.recovery.RMStateStore: Updating AMRMToken
2019-06-26 05:56:57,085 INFO org.apache.hadoop.yarn.server.resourcemanager.security.RMContainerTokenSecretManager: Rolling master-key for container-tokens
2019-06-26 05:56:57,085 INFO org.apache.hadoop.yarn.server.resourcemanager.security.NMTokenSecretManagerInRM: Rolling master-key for nm-tokens
2019-06-26 05:56:57,085 INFO org.apache.hadoop.security.token.delegation.AbstractDelegationTokenSecretManager: Updating the current master key for generating delegation tokens
2019-06-26 05:56:57,086 INFO org.apache.hadoop.yarn.server.resourcemanager.security.RMDelegationTokenSecretManager: storing master key with keyID 1
2019-06-26 05:56:57,086 INFO org.apache.hadoop.yarn.server.resourcemanager.recovery.RMStateStore: Storing RMDTMasterKey.
2019-06-26 05:56:57,091 INFO org.apache.hadoop.security.token.delegation.AbstractDelegationTokenSecretManager: Starting expired delegation token remover thread, tokenRemoverScanInterval=60 min(s)
2019-06-26 05:56:57,091 INFO org.apache.hadoop.security.token.delegation.AbstractDelegationTokenSecretManager: Updating the current master key for generating delegation tokens
2019-06-26 05:56:57,091 INFO org.apache.hadoop.yarn.server.resourcemanager.security.RMDelegationTokenSecretManager: storing master key with keyID 2
2019-06-26 05:56:57,091 INFO org.apache.hadoop.yarn.server.resourcemanager.recovery.RMStateStore: Storing RMDTMasterKey.
2019-06-26 05:56:57,096 INFO org.apache.hadoop.yarn.event.AsyncDispatcher: Registering class org.apache.hadoop.yarn.nodelabels.event.NodeLabelsStoreEventType for class org.apache.hadoop.yarn.nodelabels.CommonNodeLabelsManager$ForwardingEventHandler
2019-06-26 05:56:57,155 INFO org.apache.hadoop.ipc.CallQueueManager: Using callQueue class java.util.concurrent.LinkedBlockingQueue
2019-06-26 05:56:57,169 INFO org.apache.hadoop.ipc.Server: Starting Socket Reader #1 for port 8031
2019-06-26 05:56:57,198 INFO org.apache.hadoop.yarn.factories.impl.pb.RpcServerFactoryPBImpl: Adding protocol org.apache.hadoop.yarn.server.api.ResourceTrackerPB to the server
2019-06-26 05:56:57,205 INFO org.apache.hadoop.ipc.Server: IPC Server Responder: starting
2019-06-26 05:56:57,214 INFO org.apache.hadoop.ipc.Server: IPC Server listener on 8031: starting
2019-06-26 05:56:57,376 INFO org.apache.hadoop.ipc.CallQueueManager: Using callQueue class java.util.concurrent.LinkedBlockingQueue
2019-06-26 05:56:57,387 INFO org.apache.hadoop.ipc.Server: Starting Socket Reader #1 for port 8030
2019-06-26 05:56:57,404 INFO org.apache.hadoop.yarn.factories.impl.pb.RpcServerFactoryPBImpl: Adding protocol org.apache.hadoop.yarn.api.ApplicationMasterProtocolPB to the server
2019-06-26 05:56:57,404 INFO org.apache.hadoop.ipc.Server: IPC Server Responder: starting
2019-06-26 05:56:57,405 INFO org.apache.hadoop.ipc.Server: IPC Server listener on 8030: starting
2019-06-26 05:56:59,495 INFO org.apache.hadoop.yarn.util.RackResolver: Resolved 3165b581f543 to /default-rack
2019-06-26 05:56:59,497 INFO org.apache.hadoop.yarn.server.resourcemanager.ResourceTrackerService: NodeManager from node 3165b581f543(cmPort: 35385 httpPort: 8042) registered with capability: <memory:8192, vCores:8>, assigned nodeId 3165b581f543:35385
2019-06-26 05:57:02,656 INFO org.apache.hadoop.ipc.CallQueueManager: Using callQueue class java.util.concurrent.LinkedBlockingQueue
2019-06-26 05:57:02,658 INFO org.apache.hadoop.ipc.Server: Starting Socket Reader #1 for port 8032
2019-06-26 05:57:02,666 INFO org.apache.hadoop.yarn.factories.impl.pb.RpcServerFactoryPBImpl: Adding protocol org.apache.hadoop.yarn.api.ApplicationClientProtocolPB to the server
2019-06-26 05:57:02,667 INFO org.apache.hadoop.ipc.Server: IPC Server Responder: starting
2019-06-26 05:57:02,667 INFO org.apache.hadoop.ipc.Server: IPC Server listener on 8032: starting
2019-06-26 05:57:02,673 INFO org.apache.hadoop.yarn.server.resourcemanager.ResourceManager: Transitioned to active state
2019-06-26 05:57:02,742 INFO org.mortbay.log: Logging to org.slf4j.impl.Log4jLoggerAdapter(org.mortbay.log) via org.mortbay.log.Slf4jLog
2019-06-26 05:57:02,749 INFO org.apache.hadoop.security.authentication.server.AuthenticationFilter: Unable to initialize FileSignerSecretProvider, falling back to use random secrets.
2019-06-26 05:57:02,754 INFO org.apache.hadoop.http.HttpRequestLog: Http request log for http.requests.resourcemanager is not defined
2019-06-26 05:57:02,760 INFO org.apache.hadoop.http.HttpServer2: Added global filter 'safety' (class=org.apache.hadoop.http.HttpServer2$QuotingInputFilter)
2019-06-26 05:57:02,764 INFO org.apache.hadoop.http.HttpServer2: Added filter RMAuthenticationFilter (class=org.apache.hadoop.yarn.server.security.http.RMAuthenticationFilter) to context cluster
2019-06-26 05:57:02,765 INFO org.apache.hadoop.http.HttpServer2: Added filter RMAuthenticationFilter (class=org.apache.hadoop.yarn.server.security.http.RMAuthenticationFilter) to context logs
2019-06-26 05:57:02,765 INFO org.apache.hadoop.http.HttpServer2: Added filter RMAuthenticationFilter (class=org.apache.hadoop.yarn.server.security.http.RMAuthenticationFilter) to context static
2019-06-26 05:57:02,765 INFO org.apache.hadoop.http.HttpServer2: Added filter static_user_filter (class=org.apache.hadoop.http.lib.StaticUserWebFilter$StaticUserFilter) to context cluster
2019-06-26 05:57:02,765 INFO org.apache.hadoop.http.HttpServer2: Added filter static_user_filter (class=org.apache.hadoop.http.lib.StaticUserWebFilter$StaticUserFilter) to context logs
2019-06-26 05:57:02,765 INFO org.apache.hadoop.http.HttpServer2: Added filter static_user_filter (class=org.apache.hadoop.http.lib.StaticUserWebFilter$StaticUserFilter) to context static
2019-06-26 05:57:02,769 INFO org.apache.hadoop.http.HttpServer2: adding path spec: /cluster/*
2019-06-26 05:57:02,769 INFO org.apache.hadoop.http.HttpServer2: adding path spec: /ws/*
2019-06-26 05:57:02,775 INFO org.apache.hadoop.http.HttpServer2: Jetty bound to port 8088
2019-06-26 05:57:02,775 INFO org.mortbay.log: jetty-6.1.26
2019-06-26 05:57:02,795 INFO org.mortbay.log: Extract jar:file:/usr/local/hadoop-2.7.0/share/hadoop/yarn/hadoop-yarn-common-2.7.0.jar!/webapps/cluster to /tmp/Jetty_0_0_0_0_8088_cluster____u0rgz3/webapp
2019-06-26 05:57:03,028 INFO org.apache.hadoop.security.token.delegation.AbstractDelegationTokenSecretManager: Updating the current master key for generating delegation tokens
2019-06-26 05:57:03,028 INFO org.apache.hadoop.security.token.delegation.AbstractDelegationTokenSecretManager: Starting expired delegation token remover thread, tokenRemoverScanInterval=60 min(s)
2019-06-26 05:57:03,028 INFO org.apache.hadoop.security.token.delegation.AbstractDelegationTokenSecretManager: Updating the current master key for generating delegation tokens
2019-06-26 05:57:03,036 INFO org.mortbay.log: Started HttpServer2$SelectChannelConnectorWithSafeStartup@0.0.0.0:8088
2019-06-26 05:57:03,036 INFO org.apache.hadoop.yarn.webapp.WebApps: Web app /cluster started at 8088
2019-06-26 05:57:03,327 INFO org.apache.hadoop.yarn.webapp.WebApps: Registered webapp guice modules
2019-06-26 05:57:03,329 INFO org.apache.hadoop.yarn.server.resourcemanager.rmnode.RMNodeImpl: 3165b581f543:35385 Node Transitioned from NEW to RUNNING
2019-06-26 05:57:03,329 INFO org.apache.hadoop.yarn.server.resourcemanager.rmnode.RMNodeImpl: Node 3165b581f543:35385 reported UNHEALTHY with details: 1/1 local-dirs are bad: /tmp/hadoop-root/nm-local-dir; 1/1 log-dirs are bad: /usr/local/hadoop/logs/userlogs
2019-06-26 05:57:03,330 INFO org.apache.hadoop.yarn.server.resourcemanager.rmnode.RMNodeImpl: 3165b581f543:35385 Node Transitioned from RUNNING to UNHEALTHY
2019-06-26 05:57:03,331 INFO org.apache.hadoop.yarn.server.resourcemanager.scheduler.capacity.CapacityScheduler: Added node 3165b581f543:35385 clusterResource: <memory:8192, vCores:8>
2019-06-26 05:57:03,333 INFO org.apache.hadoop.yarn.server.resourcemanager.scheduler.capacity.CapacityScheduler: Removed node 3165b581f543:35385 clusterResource: <memory:0, vCores:0>
2019-06-26 05:57:03,358 INFO org.apache.hadoop.ipc.CallQueueManager: Using callQueue class java.util.concurrent.LinkedBlockingQueue
2019-06-26 05:57:03,358 INFO org.apache.hadoop.ipc.Server: Starting Socket Reader #1 for port 8033
2019-06-26 05:57:03,363 INFO org.apache.hadoop.yarn.factories.impl.pb.RpcServerFactoryPBImpl: Adding protocol org.apache.hadoop.yarn.server.api.ResourceManagerAdministrationProtocolPB to the server
2019-06-26 05:57:03,363 INFO org.apache.hadoop.ipc.Server: IPC Server Responder: starting
2019-06-26 05:57:03,363 INFO org.apache.hadoop.ipc.Server: IPC Server listener on 8033: starting
2019-06-26 06:06:56,964 INFO org.apache.hadoop.yarn.server.resourcemanager.scheduler.AbstractYarnScheduler: Release request cache is cleaned up
